<?xml version="1.0" encoding="UTF-8"?>
<testsuites name="jest tests" tests="4" failures="0" errors="0" time="3.001">
  <testsuite name="Cat Profiles API" errors="0" failures="0" skipped="0" timestamp="2025-10-02T00:20:36" time="2.86" tests="4">
    <testcase classname="Cat Profiles API GET /cats should list all cats" name="Cat Profiles API GET /cats should list all cats" time="0.016">
    </testcase>
    <testcase classname="Cat Profiles API POST /cats/add should create a cat" name="Cat Profiles API POST /cats/add should create a cat" time="0.007">
    </testcase>
    <testcase classname="Cat Profiles API PUT /cats/:id should update cat" name="Cat Profiles API PUT /cats/:id should update cat" time="0.034">
    </testcase>
    <testcase classname="Cat Profiles API DELETE /cats/:id should remove cat" name="Cat Profiles API DELETE /cats/:id should remove cat" time="0.001">
    </testcase>
  </testsuite>
</testsuites>